# JRE version: OpenJDK Runtime Environment Temurin-21.0.8+9 (21.0.8+9) (build 21.0.8+9-LTS)
# Java VM: OpenJDK 64-Bit Server VM Temurin-21.0.8+9 (21.0.8+9-LTS, mixed mode, sharing, tiered, compressed oops, compressed class ptrs, g1 gc, windows-amd64)
GC Precious Log:
 CardTable entry size: 512
 Card Set container configuration: InlinePtr #cards 4 size 8 Array Of Cards #cards 16 size 48 Howl #buckets 8 coarsen threshold 3686 Howl Bitmap #cards 512 size 80 coarsen threshold 460 Card regions per heap region 1 cards per card region 4096
 CPUs: 12 total, 12 available
 Memory: 16041M
 Large Page Support: Disabled
 NUMA Support: Disabled
 Compressed Oops: Enabled (Zero based)
 Heap Region Size: 2M
 Heap Min Capacity: 8M
 Heap Initial Capacity: 252M
 Heap Max Capacity: 4012M
 Pre-touch: Disabled
 Parallel Workers: 10
 Concurrent Workers: 3
 Concurrent Refinement Workers: 10
 Periodic GC: Disabled
Heap:
 garbage-first heap   total 122880K, used 72967K [0x0000000705400000, 0x0000000800000000)
  region size 2048K, 13 young (26624K), 3 survivors (6144K)
 Metaspace       used 96526K, committed 97600K, reserved 1179648K
  class space    used 12472K, committed 12992K, reserved 1048576K
GC Heap History (20 events):
Event: 242.145 GC heap before
{Heap before GC invocations=28 (full 1):
 garbage-first heap   total 122880K, used 104404K [0x0000000705400000, 0x0000000800000000)
  region size 2048K, 32 young (65536K), 2 survivors (4096K)
 Metaspace       used 87724K, committed 88704K, reserved 1179648K
  class space    used 11555K, committed 12032K, reserved 1048576K
}
Event: 242.149 GC heap after
{Heap after GC invocations=29 (full 1):
 garbage-first heap   total 122880K, used 45845K [0x0000000705400000, 0x0000000800000000)
  region size 2048K, 3 young (6144K), 3 survivors (6144K)
 Metaspace       used 87724K, committed 88704K, reserved 1179648K
  class space    used 11555K, committed 12032K, reserved 1048576K
}
Event: 247.290 GC heap before
{Heap before GC invocations=29 (full 1):
 garbage-first heap   total 122880K, used 105237K [0x0000000705400000, 0x0000000800000000)
  region size 2048K, 32 young (65536K), 3 survivors (6144K)
 Metaspace       used 89111K, committed 89984K, reserved 1179648K
  class space    used 11743K, committed 12160K, reserved 1048576K
}
Event: 247.300 GC heap after
{Heap after GC invocations=30 (full 1):
 garbage-first heap   total 122880K, used 46318K [0x0000000705400000, 0x0000000800000000)
  region size 2048K, 2 young (4096K), 2 survivors (4096K)
 Metaspace       used 89111K, committed 89984K, reserved 1179648K
  class space    used 11743K, committed 12160K, reserved 1048576K
}
Event: 459.852 GC heap before
{Heap before GC invocations=30 (full 1):
 garbage-first heap   total 122880K, used 103662K [0x0000000705400000, 0x0000000800000000)
  region size 2048K, 31 young (63488K), 2 survivors (4096K)
 Metaspace       used 91966K, committed 92992K, reserved 1179648K
  class space    used 12135K, committed 12608K, reserved 1048576K
}
Event: 459.862 GC heap after
{Heap after GC invocations=31 (full 1):
 garbage-first heap   total 122880K, used 46882K [0x0000000705400000, 0x0000000800000000)
  region size 2048K, 3 young (6144K), 3 survivors (6144K)
 Metaspace       used 91966K, committed 92992K, reserved 1179648K
  class space    used 12135K, committed 12608K, reserved 1048576K
}
Event: 816.278 GC heap before
{Heap before GC invocations=32 (full 1):
 garbage-first heap   total 122880K, used 102178K [0x0000000705400000, 0x0000000800000000)
  region size 2048K, 30 young (61440K), 3 survivors (6144K)
 Metaspace       used 92282K, committed 93248K, reserved 1179648K
  class space    used 12148K, committed 12608K, reserved 1048576K
}
Event: 816.292 GC heap after
{Heap after GC invocations=33 (full 1):
 garbage-first heap   total 122880K, used 46364K [0x0000000705400000, 0x0000000800000000)
  region size 2048K, 2 young (4096K), 2 survivors (4096K)
 Metaspace       used 92282K, committed 93248K, reserved 1179648K
  class space    used 12148K, committed 12608K, reserved 1048576K
}
Event: 1130.759 GC heap before
{Heap before GC invocations=33 (full 1):
 garbage-first heap   total 122880K, used 103708K [0x0000000705400000, 0x0000000800000000)
  region size 2048K, 31 young (63488K), 2 survivors (4096K)
 Metaspace       used 93529K, committed 94528K, reserved 1179648K
  class space    used 12289K, committed 12736K, reserved 1048576K
}
Event: 1130.766 GC heap after
{Heap after GC invocations=34 (full 1):
 garbage-first heap   total 122880K, used 47092K [0x0000000705400000, 0x0000000800000000)
  region size 2048K, 3 young (6144K), 3 survivors (6144K)
 Metaspace       used 93529K, committed 94528K, reserved 1179648K
  class space    used 12289K, committed 12736K, reserved 1048576K
}
Event: 1296.616 GC heap before
{Heap before GC invocations=34 (full 1):
 garbage-first heap   total 122880K, used 81908K [0x0000000705400000, 0x0000000800000000)
  region size 2048K, 21 young (43008K), 3 survivors (6144K)
 Metaspace       used 94233K, committed 95232K, reserved 1179648K
  class space    used 12321K, committed 12800K, reserved 1048576K
}
Event: 1296.732 GC heap after
{Heap after GC invocations=35 (full 2):
 garbage-first heap   total 122880K, used 41076K [0x0000000705400000, 0x0000000800000000)
  region size 2048K, 0 young (0K), 0 survivors (0K)
 Metaspace       used 94196K, committed 95232K, reserved 1179648K
  class space    used 12315K, committed 12800K, reserved 1048576K
}
Event: 1298.848 GC heap before
{Heap before GC invocations=35 (full 2):
 garbage-first heap   total 122880K, used 108660K [0x0000000705400000, 0x0000000800000000)
  region size 2048K, 34 young (69632K), 0 survivors (0K)
 Metaspace       used 94683K, committed 95744K, reserved 1179648K
  class space    used 12353K, committed 12864K, reserved 1048576K
}
Event: 1298.857 GC heap after
{Heap after GC invocations=36 (full 2):
 garbage-first heap   total 122880K, used 46931K [0x0000000705400000, 0x0000000800000000)
  region size 2048K, 3 young (6144K), 3 survivors (6144K)
 Metaspace       used 94683K, committed 95744K, reserved 1179648K
  class space    used 12353K, committed 12864K, reserved 1048576K
}
Event: 1299.905 GC heap before
{Heap before GC invocations=37 (full 2):
 garbage-first heap   total 122880K, used 104275K [0x0000000705400000, 0x0000000800000000)
  region size 2048K, 31 young (63488K), 3 survivors (6144K)
 Metaspace       used 95160K, committed 96128K, reserved 1179648K
  class space    used 12393K, committed 12864K, reserved 1048576K
}
Event: 1299.911 GC heap after
{Heap after GC invocations=38 (full 2):
 garbage-first heap   total 122880K, used 49707K [0x0000000705400000, 0x0000000800000000)
  region size 2048K, 2 young (4096K), 2 survivors (4096K)
 Metaspace       used 95160K, committed 96128K, reserved 1179648K
  class space    used 12393K, committed 12864K, reserved 1048576K
}
Event: 1300.676 GC heap before
{Heap before GC invocations=38 (full 2):
 garbage-first heap   total 122880K, used 105003K [0x0000000705400000, 0x0000000800000000)
  region size 2048K, 29 young (59392K), 2 survivors (4096K)
 Metaspace       used 95945K, committed 97024K, reserved 1179648K
  class space    used 12437K, committed 12928K, reserved 1048576K
}
Event: 1300.685 GC heap after
{Heap after GC invocations=39 (full 2):
 garbage-first heap   total 122880K, used 52336K [0x0000000705400000, 0x0000000800000000)
  region size 2048K, 3 young (6144K), 3 survivors (6144K)
 Metaspace       used 95945K, committed 97024K, reserved 1179648K
  class space    used 12437K, committed 12928K, reserved 1048576K
}
Event: 1301.413 GC heap before
{Heap before GC invocations=39 (full 2):
 garbage-first heap   total 122880K, used 105584K [0x0000000705400000, 0x0000000800000000)
  region size 2048K, 29 young (59392K), 3 survivors (6144K)
 Metaspace       used 96135K, committed 97152K, reserved 1179648K
  class space    used 12446K, committed 12928K, reserved 1048576K
}
Event: 1301.422 GC heap after
{Heap after GC invocations=40 (full 2):
 garbage-first heap   total 122880K, used 54535K [0x0000000705400000, 0x0000000800000000)
  region size 2048K, 3 young (6144K), 3 survivors (6144K)
 Metaspace       used 96135K, committed 97152K, reserved 1179648K
  class space    used 12446K, committed 12928K, reserved 1048576K
}

